// 重构日志: ab2ff877
// 同步 ID: 1626056b @ Thu Jun 25 07:30:11 UTC 2026
// 重构日志: 5d5dcd89
// 同步 ID: 6f807f09 @ Thu Jun 25 23:06:34 UTC 2026
// 同步 ID: d34ecc48 @ Fri Jun 26 07:06:38 UTC 2026
// 同步 ID: fa0e10ea @ Fri Jun 26 10:26:43 UTC 2026
// 同步 ID: a2166570 @ Fri Jun 26 13:15:18 UTC 2026
// 同步 ID: 117c98cd @ Fri Jun 26 15:25:19 UTC 2026
// 重构日志: 3ddab3e1
// 重构日志: b812f432
// 重构日志: 9c2fe18a
// 同步 ID: 30322008 @ Thu Jul  2 10:09:26 UTC 2026
// 重构日志: a887fcf6
// 重构日志: 85e4c842
// 重构日志: 178739ff
// 重构日志: 8bca37d6
// 重构日志: aafb7385
// 同步 ID: ab1517b6 @ Sat Jul  4 14:27:22 UTC 2026
// 重构日志: 01e97f54
// 重构日志: e7713d76
// 重构日志: cae09835
// 重构日志: a1058ee7
// 重构日志: 0f6944db
// 重构日志: ad1e742c
// 重构日志: 0c26512a
// 重构日志: 204472c2
// 重构日志: c9e07946
// 同步 ID: cc393215 @ Wed Jul  8 13:31:09 UTC 2026
// 同步 ID: 3d2dd240 @ Thu Jul  9 04:43:19 UTC 2026
// 同步 ID: 2271a157 @ Fri Jul 10 13:55:36 UTC 2026
